[INFO] 2025-02-05 10:57:05,495 common.Hooks init - *********************************Execution started*******************************
[INFO] 2025-02-05 10:57:15,885 workflows.SeleniumWorkFlow accessToPage - Method accessToPage completed.
[INFO] 2025-02-05 10:57:23,252 workflows.SeleniumWorkFlow clickedElement - Method clickedElement completed.
[INFO] 2025-02-05 10:58:17,256 workflows.SeleniumWorkFlow checkCheckbox - Method checkCheckbox completed.
[INFO] 2025-02-05 10:58:20,492 workflows.SeleniumWorkFlow clickedElement - Method clickedElement completed.
[INFO] 2025-02-05 10:58:24,472 workflows.SeleniumWorkFlow enterTextCustomerID - Method enterText completed.
[INFO] 2025-02-05 10:58:27,717 workflows.SeleniumWorkFlow enterTextCaptcha - Method enterText completed.
[INFO] 2025-02-05 10:58:30,902 workflows.SeleniumWorkFlow checkCheckbox - Method checkCheckbox completed.
[INFO] 2025-02-05 10:58:34,063 workflows.SeleniumWorkFlow clickedElement - Method clickedElement completed.
[INFO] 2025-02-05 10:58:39,400 workflows.SeleniumWorkFlow enterText - Method enterText completed.
[INFO] 2025-02-05 10:58:43,448 workflows.SeleniumWorkFlow VerifyDefaultpageIsdisplayed - Method VerifyDefaultpageIsdisplayed completed.
[INFO] 2025-02-05 10:58:43,454 common.Hooks afterScenario - *********************************Scenario ended*******************************
[INFO] 2025-02-05 10:58:47,374 common.Hooks closeBrowser - *********************************Execution ended*******************************
[INFO] 2025-02-05 10:58:47,433 common.Hooks init - *********************************Execution started*******************************
[INFO] 2025-02-05 10:58:50,695 workflows.SeleniumWorkFlow accessToPage - Method accessToPage completed.
[INFO] 2025-02-05 10:58:57,938 workflows.SeleniumWorkFlow clickedElement - Method clickedElement completed.
[INFO] 2025-02-05 10:59:03,729 workflows.SeleniumWorkFlow checkCheckbox - Method checkCheckbox completed.
[INFO] 2025-02-05 10:59:06,952 workflows.SeleniumWorkFlow clickedElement - Method clickedElement completed.
[INFO] 2025-02-05 10:59:10,797 workflows.SeleniumWorkFlow enterTextCustomerID - Method enterText completed.
[INFO] 2025-02-05 10:59:14,049 workflows.SeleniumWorkFlow enterTextCaptcha - Method enterText completed.
[INFO] 2025-02-05 10:59:17,352 workflows.SeleniumWorkFlow checkCheckbox - Method checkCheckbox completed.
[INFO] 2025-02-05 10:59:20,576 workflows.SeleniumWorkFlow clickedElement - Method clickedElement completed.
[ERROR] 2025-02-05 11:01:14,248 workflows.SeleniumWorkFlow enterText - Method enterText not completed.org.openqa.selenium.NoSuchElementException: no such element: Unable to locate element: {"method":"xpath","selector":"(//input[@class='input-mobile-number ng-untouched ng-pristinenginvalid'])[11]"}
  (Session info: chrome=132.0.6834.110)
For documentation on this error, please visit: https://www.selenium.dev/documentation/webdriver/troubleshooting/errors#no-such-element-exception
Build info: version: '4.19.1', revision: 'abe0ee07dc'
System info: os.name: 'Windows 10', os.arch: 'amd64', os.version: '10.0', java.version: '22.0.1'
Driver info: org.openqa.selenium.chrome.ChromeDriver
Command: [ed0415bfab83309ef1b1919aa29f7b47, findElement {using=xpath, value=(//input[@class='input-mobile-number ng-untouched ng-pristinenginvalid'])[11]}]
Capabilities {acceptInsecureCerts: false, browserName: chrome, browserVersion: 132.0.6834.110, chrome: {chromedriverVersion: 132.0.6834.159 (2d77d3fc445..., userDataDir: C:\Users\Admin\AppData\Loca...}, fedcm:accounts: true, goog:chromeOptions: {debuggerAddress: localhost:50622}, networkConnectionEnabled: false, pageLoadStrategy: normal, platformName: windows, proxy: Proxy(), se:cdp: ws://localhost:50622/devtoo..., se:cdpVersion: 132.0.6834.110, setWindowRect: true, strictFileInteractability: false, timeouts: {implicit: 0, pageLoad: 300000, script: 30000}, unhandledPromptBehavior: dismiss and notify, webauthn:extension:credBlob: true, webauthn:extension:largeBlob: true, webauthn:extension:minPinLength: true, webauthn:extension:prf: true, webauthn:virtualAuthenticators: true}
Session ID: ed0415bfab83309ef1b1919aa29f7b47
[INFO] 2025-02-05 11:01:14,258 common.Hooks afterScenario - *********************************Scenario ended*******************************
[INFO] 2025-02-05 11:01:18,455 common.Hooks closeBrowser - *********************************Execution ended*******************************
[DEBUG] 2025-02-05 11:01:18,515 freemarker.cache debug - Couldn't find template in cache for "spark/spark.spa.ftl"("en_US", UTF-8, parsed); will try to load it.
[DEBUG] 2025-02-05 11:01:18,516 freemarker.cache debug - TemplateLoader.findTemplateSource("spark/spark.spa_en_US.ftl"): Not found
[DEBUG] 2025-02-05 11:01:18,520 freemarker.cache debug - TemplateLoader.findTemplateSource("spark/spark.spa_en.ftl"): Not found
[DEBUG] 2025-02-05 11:01:18,521 freemarker.cache debug - TemplateLoader.findTemplateSource("spark/spark.spa.ftl"): Found
[DEBUG] 2025-02-05 11:01:18,522 freemarker.cache debug - Loading template for "spark/spark.spa.ftl"("en_US", UTF-8, parsed) from "jar:file:/C:/Users/Admin/.m2/repository/com/aventstack/extentreports/5.0.9/extentreports-5.0.9.jar!/com/aventstack/extentreports/templates/spark/spark.spa.ftl"
[DEBUG] 2025-02-05 11:01:18,614 freemarker.cache debug - Couldn't find template in cache for "commons/commons-variables.ftl"("en_US", UTF-8, parsed); will try to load it.
[DEBUG] 2025-02-05 11:01:18,614 freemarker.cache debug - TemplateLoader.findTemplateSource("commons/commons-variables_en_US.ftl"): Not found
[DEBUG] 2025-02-05 11:01:18,615 freemarker.cache debug - TemplateLoader.findTemplateSource("commons/commons-variables_en.ftl"): Not found
[DEBUG] 2025-02-05 11:01:18,616 freemarker.cache debug - TemplateLoader.findTemplateSource("commons/commons-variables.ftl"): Found
[DEBUG] 2025-02-05 11:01:18,616 freemarker.cache debug - Loading template for "commons/commons-variables.ftl"("en_US", UTF-8, parsed) from "jar:file:/C:/Users/Admin/.m2/repository/com/aventstack/extentreports/5.0.9/extentreports-5.0.9.jar!/com/aventstack/extentreports/templates/commons/commons-variables.ftl"
[DEBUG] 2025-02-05 11:01:18,764 freemarker.cache debug - Couldn't find template in cache for "commons/commons-macros.ftl"("en_US", UTF-8, parsed); will try to load it.
[DEBUG] 2025-02-05 11:01:18,765 freemarker.cache debug - TemplateLoader.findTemplateSource("commons/commons-macros_en_US.ftl"): Not found
[DEBUG] 2025-02-05 11:01:18,766 freemarker.cache debug - TemplateLoader.findTemplateSource("commons/commons-macros_en.ftl"): Not found
[DEBUG] 2025-02-05 11:01:18,767 freemarker.cache debug - TemplateLoader.findTemplateSource("commons/commons-macros.ftl"): Found
[DEBUG] 2025-02-05 11:01:18,767 freemarker.cache debug - Loading template for "commons/commons-macros.ftl"("en_US", UTF-8, parsed) from "jar:file:/C:/Users/Admin/.m2/repository/com/aventstack/extentreports/5.0.9/extentreports-5.0.9.jar!/com/aventstack/extentreports/templates/commons/commons-macros.ftl"
[DEBUG] 2025-02-05 11:01:18,777 freemarker.cache debug - Couldn't find template in cache for "spark/macros/attributes.ftl"("en_US", UTF-8, parsed); will try to load it.
[DEBUG] 2025-02-05 11:01:18,778 freemarker.cache debug - TemplateLoader.findTemplateSource("spark/macros/attributes_en_US.ftl"): Not found
[DEBUG] 2025-02-05 11:01:18,779 freemarker.cache debug - TemplateLoader.findTemplateSource("spark/macros/attributes_en.ftl"): Not found
[DEBUG] 2025-02-05 11:01:18,780 freemarker.cache debug - TemplateLoader.findTemplateSource("spark/macros/attributes.ftl"): Found
[DEBUG] 2025-02-05 11:01:18,780 freemarker.cache debug - Loading template for "spark/macros/attributes.ftl"("en_US", UTF-8, parsed) from "jar:file:/C:/Users/Admin/.m2/repository/com/aventstack/extentreports/5.0.9/extentreports-5.0.9.jar!/com/aventstack/extentreports/templates/spark/macros/attributes.ftl"
[DEBUG] 2025-02-05 11:01:18,783 freemarker.cache debug - Couldn't find template in cache for "spark/macros/log.ftl"("en_US", UTF-8, parsed); will try to load it.
[DEBUG] 2025-02-05 11:01:18,784 freemarker.cache debug - TemplateLoader.findTemplateSource("spark/macros/log_en_US.ftl"): Not found
[DEBUG] 2025-02-05 11:01:18,786 freemarker.cache debug - TemplateLoader.findTemplateSource("spark/macros/log_en.ftl"): Not found
[DEBUG] 2025-02-05 11:01:18,786 freemarker.cache debug - TemplateLoader.findTemplateSource("spark/macros/log.ftl"): Found
[DEBUG] 2025-02-05 11:01:18,787 freemarker.cache debug - Loading template for "spark/macros/log.ftl"("en_US", UTF-8, parsed) from "jar:file:/C:/Users/Admin/.m2/repository/com/aventstack/extentreports/5.0.9/extentreports-5.0.9.jar!/com/aventstack/extentreports/templates/spark/macros/log.ftl"
[DEBUG] 2025-02-05 11:01:18,789 freemarker.cache debug - Couldn't find template in cache for "spark/macros/recurse_nodes.ftl"("en_US", UTF-8, parsed); will try to load it.
[DEBUG] 2025-02-05 11:01:18,790 freemarker.cache debug - TemplateLoader.findTemplateSource("spark/macros/recurse_nodes_en_US.ftl"): Not found
[DEBUG] 2025-02-05 11:01:18,792 freemarker.cache debug - TemplateLoader.findTemplateSource("spark/macros/recurse_nodes_en.ftl"): Not found
[DEBUG] 2025-02-05 11:01:18,792 freemarker.cache debug - TemplateLoader.findTemplateSource("spark/macros/recurse_nodes.ftl"): Found
[DEBUG] 2025-02-05 11:01:18,793 freemarker.cache debug - Loading template for "spark/macros/recurse_nodes.ftl"("en_US", UTF-8, parsed) from "jar:file:/C:/Users/Admin/.m2/repository/com/aventstack/extentreports/5.0.9/extentreports-5.0.9.jar!/com/aventstack/extentreports/templates/spark/macros/recurse_nodes.ftl"
[DEBUG] 2025-02-05 11:01:18,799 freemarker.cache debug - "spark/macros/log.ftl"("en_US", UTF-8, parsed) cached copy not yet stale; using cached.
[DEBUG] 2025-02-05 11:01:18,800 freemarker.cache debug - Couldn't find template in cache for "spark/macros/attr-common.ftl"("en_US", UTF-8, parsed); will try to load it.
[DEBUG] 2025-02-05 11:01:18,801 freemarker.cache debug - TemplateLoader.findTemplateSource("spark/macros/attr-common_en_US.ftl"): Not found
[DEBUG] 2025-02-05 11:01:18,802 freemarker.cache debug - TemplateLoader.findTemplateSource("spark/macros/attr-common_en.ftl"): Not found
[DEBUG] 2025-02-05 11:01:18,802 freemarker.cache debug - TemplateLoader.findTemplateSource("spark/macros/attr-common.ftl"): Found
[DEBUG] 2025-02-05 11:01:18,803 freemarker.cache debug - Loading template for "spark/macros/attr-common.ftl"("en_US", UTF-8, parsed) from "jar:file:/C:/Users/Admin/.m2/repository/com/aventstack/extentreports/5.0.9/extentreports-5.0.9.jar!/com/aventstack/extentreports/templates/spark/macros/attr-common.ftl"
[DEBUG] 2025-02-05 11:01:18,812 freemarker.cache debug - Couldn't find template in cache for "spark/partials/head.ftl"("en_US", UTF-8, parsed); will try to load it.
[DEBUG] 2025-02-05 11:01:18,813 freemarker.cache debug - TemplateLoader.findTemplateSource("spark/partials/head_en_US.ftl"): Not found
[DEBUG] 2025-02-05 11:01:18,814 freemarker.cache debug - TemplateLoader.findTemplateSource("spark/partials/head_en.ftl"): Not found
[DEBUG] 2025-02-05 11:01:18,814 freemarker.cache debug - TemplateLoader.findTemplateSource("spark/partials/head.ftl"): Found
[DEBUG] 2025-02-05 11:01:18,814 freemarker.cache debug - Loading template for "spark/partials/head.ftl"("en_US", UTF-8, parsed) from "jar:file:/C:/Users/Admin/.m2/repository/com/aventstack/extentreports/5.0.9/extentreports-5.0.9.jar!/com/aventstack/extentreports/templates/spark/partials/head.ftl"
[DEBUG] 2025-02-05 11:01:18,818 freemarker.cache debug - Couldn't find template in cache for "commons/commons-inject-css.ftl"("en_US", UTF-8, parsed); will try to load it.
[DEBUG] 2025-02-05 11:01:18,819 freemarker.cache debug - TemplateLoader.findTemplateSource("commons/commons-inject-css_en_US.ftl"): Not found
[DEBUG] 2025-02-05 11:01:18,820 freemarker.cache debug - TemplateLoader.findTemplateSource("commons/commons-inject-css_en.ftl"): Not found
[DEBUG] 2025-02-05 11:01:18,820 freemarker.cache debug - TemplateLoader.findTemplateSource("commons/commons-inject-css.ftl"): Found
[DEBUG] 2025-02-05 11:01:18,821 freemarker.cache debug - Loading template for "commons/commons-inject-css.ftl"("en_US", UTF-8, parsed) from "jar:file:/C:/Users/Admin/.m2/repository/com/aventstack/extentreports/5.0.9/extentreports-5.0.9.jar!/com/aventstack/extentreports/templates/commons/commons-inject-css.ftl"
[DEBUG] 2025-02-05 11:01:18,822 freemarker.cache debug - Couldn't find template in cache for "spark/partials/navbar.ftl"("en_US", UTF-8, parsed); will try to load it.
[DEBUG] 2025-02-05 11:01:18,823 freemarker.cache debug - TemplateLoader.findTemplateSource("spark/partials/navbar_en_US.ftl"): Not found
[DEBUG] 2025-02-05 11:01:18,823 freemarker.cache debug - TemplateLoader.findTemplateSource("spark/partials/navbar_en.ftl"): Not found
[DEBUG] 2025-02-05 11:01:18,824 freemarker.cache debug - TemplateLoader.findTemplateSource("spark/partials/navbar.ftl"): Found
[DEBUG] 2025-02-05 11:01:18,824 freemarker.cache debug - Loading template for "spark/partials/navbar.ftl"("en_US", UTF-8, parsed) from "jar:file:/C:/Users/Admin/.m2/repository/com/aventstack/extentreports/5.0.9/extentreports-5.0.9.jar!/com/aventstack/extentreports/templates/spark/partials/navbar.ftl"
[DEBUG] 2025-02-05 11:01:18,832 freemarker.cache debug - Couldn't find template in cache for "spark/partials/sidenav.ftl"("en_US", UTF-8, parsed); will try to load it.
[DEBUG] 2025-02-05 11:01:18,833 freemarker.cache debug - TemplateLoader.findTemplateSource("spark/partials/sidenav_en_US.ftl"): Not found
[DEBUG] 2025-02-05 11:01:18,834 freemarker.cache debug - TemplateLoader.findTemplateSource("spark/partials/sidenav_en.ftl"): Not found
[DEBUG] 2025-02-05 11:01:18,834 freemarker.cache debug - TemplateLoader.findTemplateSource("spark/partials/sidenav.ftl"): Found
[DEBUG] 2025-02-05 11:01:18,834 freemarker.cache debug - Loading template for "spark/partials/sidenav.ftl"("en_US", UTF-8, parsed) from "jar:file:/C:/Users/Admin/.m2/repository/com/aventstack/extentreports/5.0.9/extentreports-5.0.9.jar!/com/aventstack/extentreports/templates/spark/partials/sidenav.ftl"
[DEBUG] 2025-02-05 11:01:18,849 freemarker.cache debug - Couldn't find template in cache for "spark/partials/test.ftl"("en_US", UTF-8, parsed); will try to load it.
[DEBUG] 2025-02-05 11:01:18,851 freemarker.cache debug - TemplateLoader.findTemplateSource("spark/partials/test_en_US.ftl"): Not found
[DEBUG] 2025-02-05 11:01:18,851 freemarker.cache debug - TemplateLoader.findTemplateSource("spark/partials/test_en.ftl"): Not found
[DEBUG] 2025-02-05 11:01:18,852 freemarker.cache debug - TemplateLoader.findTemplateSource("spark/partials/test.ftl"): Found
[DEBUG] 2025-02-05 11:01:18,852 freemarker.cache debug - Loading template for "spark/partials/test.ftl"("en_US", UTF-8, parsed) from "jar:file:/C:/Users/Admin/.m2/repository/com/aventstack/extentreports/5.0.9/extentreports-5.0.9.jar!/com/aventstack/extentreports/templates/spark/partials/test.ftl"
[DEBUG] 2025-02-05 11:01:18,876 freemarker.cache debug - Couldn't find template in cache for "spark/partials/bdd-content.ftl"("en_US", UTF-8, parsed); will try to load it.
[DEBUG] 2025-02-05 11:01:18,877 freemarker.cache debug - TemplateLoader.findTemplateSource("spark/partials/bdd-content_en_US.ftl"): Not found
[DEBUG] 2025-02-05 11:01:18,878 freemarker.cache debug - TemplateLoader.findTemplateSource("spark/partials/bdd-content_en.ftl"): Not found
[DEBUG] 2025-02-05 11:01:18,879 freemarker.cache debug - TemplateLoader.findTemplateSource("spark/partials/bdd-content.ftl"): Found
[DEBUG] 2025-02-05 11:01:18,879 freemarker.cache debug - Loading template for "spark/partials/bdd-content.ftl"("en_US", UTF-8, parsed) from "jar:file:/C:/Users/Admin/.m2/repository/com/aventstack/extentreports/5.0.9/extentreports-5.0.9.jar!/com/aventstack/extentreports/templates/spark/partials/bdd-content.ftl"
[DEBUG] 2025-02-05 11:01:18,933 freemarker.cache debug - Couldn't find template in cache for "spark/partials/exception.ftl"("en_US", UTF-8, parsed); will try to load it.
[DEBUG] 2025-02-05 11:01:18,934 freemarker.cache debug - TemplateLoader.findTemplateSource("spark/partials/exception_en_US.ftl"): Not found
[DEBUG] 2025-02-05 11:01:18,935 freemarker.cache debug - TemplateLoader.findTemplateSource("spark/partials/exception_en.ftl"): Not found
[DEBUG] 2025-02-05 11:01:18,936 freemarker.cache debug - TemplateLoader.findTemplateSource("spark/partials/exception.ftl"): Found
[DEBUG] 2025-02-05 11:01:18,936 freemarker.cache debug - Loading template for "spark/partials/exception.ftl"("en_US", UTF-8, parsed) from "jar:file:/C:/Users/Admin/.m2/repository/com/aventstack/extentreports/5.0.9/extentreports-5.0.9.jar!/com/aventstack/extentreports/templates/spark/partials/exception.ftl"
[DEBUG] 2025-02-05 11:01:18,939 freemarker.cache debug - Couldn't find template in cache for "spark/partials/category.ftl"("en_US", UTF-8, parsed); will try to load it.
[DEBUG] 2025-02-05 11:01:18,940 freemarker.cache debug - TemplateLoader.findTemplateSource("spark/partials/category_en_US.ftl"): Not found
[DEBUG] 2025-02-05 11:01:18,943 freemarker.cache debug - TemplateLoader.findTemplateSource("spark/partials/category_en.ftl"): Not found
[DEBUG] 2025-02-05 11:01:18,944 freemarker.cache debug - TemplateLoader.findTemplateSource("spark/partials/category.ftl"): Found
[DEBUG] 2025-02-05 11:01:18,944 freemarker.cache debug - Loading template for "spark/partials/category.ftl"("en_US", UTF-8, parsed) from "jar:file:/C:/Users/Admin/.m2/repository/com/aventstack/extentreports/5.0.9/extentreports-5.0.9.jar!/com/aventstack/extentreports/templates/spark/partials/category.ftl"
[DEBUG] 2025-02-05 11:01:18,952 freemarker.cache debug - Couldn't find template in cache for "spark/partials/device.ftl"("en_US", UTF-8, parsed); will try to load it.
[DEBUG] 2025-02-05 11:01:18,953 freemarker.cache debug - TemplateLoader.findTemplateSource("spark/partials/device_en_US.ftl"): Not found
[DEBUG] 2025-02-05 11:01:18,953 freemarker.cache debug - TemplateLoader.findTemplateSource("spark/partials/device_en.ftl"): Not found
[DEBUG] 2025-02-05 11:01:18,954 freemarker.cache debug - TemplateLoader.findTemplateSource("spark/partials/device.ftl"): Found
[DEBUG] 2025-02-05 11:01:18,954 freemarker.cache debug - Loading template for "spark/partials/device.ftl"("en_US", UTF-8, parsed) from "jar:file:/C:/Users/Admin/.m2/repository/com/aventstack/extentreports/5.0.9/extentreports-5.0.9.jar!/com/aventstack/extentreports/templates/spark/partials/device.ftl"
[DEBUG] 2025-02-05 11:01:18,955 freemarker.cache debug - Couldn't find template in cache for "spark/partials/author.ftl"("en_US", UTF-8, parsed); will try to load it.
[DEBUG] 2025-02-05 11:01:18,956 freemarker.cache debug - TemplateLoader.findTemplateSource("spark/partials/author_en_US.ftl"): Not found
[DEBUG] 2025-02-05 11:01:18,957 freemarker.cache debug - TemplateLoader.findTemplateSource("spark/partials/author_en.ftl"): Not found
[DEBUG] 2025-02-05 11:01:18,958 freemarker.cache debug - TemplateLoader.findTemplateSource("spark/partials/author.ftl"): Found
[DEBUG] 2025-02-05 11:01:18,958 freemarker.cache debug - Loading template for "spark/partials/author.ftl"("en_US", UTF-8, parsed) from "jar:file:/C:/Users/Admin/.m2/repository/com/aventstack/extentreports/5.0.9/extentreports-5.0.9.jar!/com/aventstack/extentreports/templates/spark/partials/author.ftl"
[DEBUG] 2025-02-05 11:01:18,960 freemarker.cache debug - Couldn't find template in cache for "spark/partials/log.ftl"("en_US", UTF-8, parsed); will try to load it.
[DEBUG] 2025-02-05 11:01:18,960 freemarker.cache debug - TemplateLoader.findTemplateSource("spark/partials/log_en_US.ftl"): Not found
[DEBUG] 2025-02-05 11:01:18,961 freemarker.cache debug - TemplateLoader.findTemplateSource("spark/partials/log_en.ftl"): Not found
[DEBUG] 2025-02-05 11:01:18,962 freemarker.cache debug - TemplateLoader.findTemplateSource("spark/partials/log.ftl"): Found
[DEBUG] 2025-02-05 11:01:18,962 freemarker.cache debug - Loading template for "spark/partials/log.ftl"("en_US", UTF-8, parsed) from "jar:file:/C:/Users/Admin/.m2/repository/com/aventstack/extentreports/5.0.9/extentreports-5.0.9.jar!/com/aventstack/extentreports/templates/spark/partials/log.ftl"
[DEBUG] 2025-02-05 11:01:18,963 freemarker.cache debug - Couldn't find template in cache for "spark/partials/dashboard.ftl"("en_US", UTF-8, parsed); will try to load it.
[DEBUG] 2025-02-05 11:01:18,964 freemarker.cache debug - TemplateLoader.findTemplateSource("spark/partials/dashboard_en_US.ftl"): Not found
[DEBUG] 2025-02-05 11:01:18,965 freemarker.cache debug - TemplateLoader.findTemplateSource("spark/partials/dashboard_en.ftl"): Not found
[DEBUG] 2025-02-05 11:01:18,965 freemarker.cache debug - TemplateLoader.findTemplateSource("spark/partials/dashboard.ftl"): Found
[DEBUG] 2025-02-05 11:01:18,966 freemarker.cache debug - Loading template for "spark/partials/dashboard.ftl"("en_US", UTF-8, parsed) from "jar:file:/C:/Users/Admin/.m2/repository/com/aventstack/extentreports/5.0.9/extentreports-5.0.9.jar!/com/aventstack/extentreports/templates/spark/partials/dashboard.ftl"
[DEBUG] 2025-02-05 11:01:19,015 freemarker.cache debug - Couldn't find template in cache for "spark/partials/scripts.ftl"("en_US", UTF-8, parsed); will try to load it.
[DEBUG] 2025-02-05 11:01:19,017 freemarker.cache debug - TemplateLoader.findTemplateSource("spark/partials/scripts_en_US.ftl"): Not found
[DEBUG] 2025-02-05 11:01:19,018 freemarker.cache debug - TemplateLoader.findTemplateSource("spark/partials/scripts_en.ftl"): Not found
[DEBUG] 2025-02-05 11:01:19,018 freemarker.cache debug - TemplateLoader.findTemplateSource("spark/partials/scripts.ftl"): Found
[DEBUG] 2025-02-05 11:01:19,019 freemarker.cache debug - Loading template for "spark/partials/scripts.ftl"("en_US", UTF-8, parsed) from "jar:file:/C:/Users/Admin/.m2/repository/com/aventstack/extentreports/5.0.9/extentreports-5.0.9.jar!/com/aventstack/extentreports/templates/spark/partials/scripts.ftl"
[DEBUG] 2025-02-05 11:01:19,021 freemarker.cache debug - Couldn't find template in cache for "commons/commons-inject-js.ftl"("en_US", UTF-8, parsed); will try to load it.
[DEBUG] 2025-02-05 11:01:19,022 freemarker.cache debug - TemplateLoader.findTemplateSource("commons/commons-inject-js_en_US.ftl"): Not found
[DEBUG] 2025-02-05 11:01:19,022 freemarker.cache debug - TemplateLoader.findTemplateSource("commons/commons-inject-js_en.ftl"): Not found
[DEBUG] 2025-02-05 11:01:19,023 freemarker.cache debug - TemplateLoader.findTemplateSource("commons/commons-inject-js.ftl"): Found
[DEBUG] 2025-02-05 11:01:19,023 freemarker.cache debug - Loading template for "commons/commons-inject-js.ftl"("en_US", UTF-8, parsed) from "jar:file:/C:/Users/Admin/.m2/repository/com/aventstack/extentreports/5.0.9/extentreports-5.0.9.jar!/com/aventstack/extentreports/templates/commons/commons-inject-js.ftl"
[INFO] 2025-02-05 14:21:37,741 common.Hooks init - *********************************Execution started*******************************
[INFO] 2025-02-05 14:21:46,591 workflows.SeleniumWorkFlow accessToPage - Method accessToPage completed.
[INFO] 2025-02-05 14:21:53,684 workflows.SeleniumWorkFlow clickedElement - Method clickedElement completed.
[INFO] 2025-02-05 14:21:58,429 workflows.SeleniumWorkFlow checkCheckbox - Method checkCheckbox completed.
[INFO] 2025-02-05 14:22:01,553 workflows.SeleniumWorkFlow clickedElement - Method clickedElement completed.
[INFO] 2025-02-05 14:22:05,334 workflows.SeleniumWorkFlow enterTextCustomerID - Method enterText completed.
[INFO] 2025-02-05 14:22:08,521 workflows.SeleniumWorkFlow enterTextCaptcha - Method enterText completed.
[INFO] 2025-02-05 14:22:11,685 workflows.SeleniumWorkFlow checkCheckbox - Method checkCheckbox completed.
[INFO] 2025-02-05 14:22:14,861 workflows.SeleniumWorkFlow clickedElement - Method clickedElement completed.
[INFO] 2025-02-05 14:22:19,943 workflows.SeleniumWorkFlow enterText - Method enterText completed.
[INFO] 2025-02-05 14:22:23,686 workflows.SeleniumWorkFlow VerifyDefaultpageIsdisplayed - Method VerifyDefaultpageIsdisplayed completed.
[INFO] 2025-02-05 14:22:23,689 common.Hooks afterScenario - *********************************Scenario ended*******************************
[INFO] 2025-02-05 14:22:27,735 common.Hooks closeBrowser - *********************************Execution ended*******************************
[INFO] 2025-02-05 14:22:27,784 common.Hooks init - *********************************Execution started*******************************
[INFO] 2025-02-05 14:22:30,532 workflows.SeleniumWorkFlow accessToPage - Method accessToPage completed.
[INFO] 2025-02-05 14:22:37,433 workflows.SeleniumWorkFlow clickedElement - Method clickedElement completed.
[INFO] 2025-02-05 14:22:42,173 workflows.SeleniumWorkFlow checkCheckbox - Method checkCheckbox completed.
[INFO] 2025-02-05 14:22:45,314 workflows.SeleniumWorkFlow clickedElement - Method clickedElement completed.
[INFO] 2025-02-05 14:22:49,057 workflows.SeleniumWorkFlow enterTextCustomerID - Method enterText completed.
[INFO] 2025-02-05 14:22:52,276 workflows.SeleniumWorkFlow enterTextCaptcha - Method enterText completed.
[INFO] 2025-02-05 14:22:55,419 workflows.SeleniumWorkFlow checkCheckbox - Method checkCheckbox completed.
[INFO] 2025-02-05 14:22:58,579 workflows.SeleniumWorkFlow clickedElement - Method clickedElement completed.
[ERROR] 2025-02-05 14:24:52,227 workflows.SeleniumWorkFlow enterText - Method enterText not completed.org.openqa.selenium.NoSuchElementException: no such element: Unable to locate element: {"method":"xpath","selector":"(//input[@class='input-mobile-number ng-untouched ng-pristinenginvalid'])[11]"}
  (Session info: chrome=132.0.6834.110)
For documentation on this error, please visit: https://www.selenium.dev/documentation/webdriver/troubleshooting/errors#no-such-element-exception
Build info: version: '4.19.1', revision: 'abe0ee07dc'
System info: os.name: 'Windows 10', os.arch: 'amd64', os.version: '10.0', java.version: '22.0.1'
Driver info: org.openqa.selenium.chrome.ChromeDriver
Command: [c52e16a56b6f0d195924a1dda0d9bc6e, findElement {using=xpath, value=(//input[@class='input-mobile-number ng-untouched ng-pristinenginvalid'])[11]}]
Capabilities {acceptInsecureCerts: false, browserName: chrome, browserVersion: 132.0.6834.110, chrome: {chromedriverVersion: 132.0.6834.159 (2d77d3fc445..., userDataDir: C:\Users\Admin\AppData\Loca...}, fedcm:accounts: true, goog:chromeOptions: {debuggerAddress: localhost:55666}, networkConnectionEnabled: false, pageLoadStrategy: normal, platformName: windows, proxy: Proxy(), se:cdp: ws://localhost:55666/devtoo..., se:cdpVersion: 132.0.6834.110, setWindowRect: true, strictFileInteractability: false, timeouts: {implicit: 0, pageLoad: 300000, script: 30000}, unhandledPromptBehavior: dismiss and notify, webauthn:extension:credBlob: true, webauthn:extension:largeBlob: true, webauthn:extension:minPinLength: true, webauthn:extension:prf: true, webauthn:virtualAuthenticators: true}
Session ID: c52e16a56b6f0d195924a1dda0d9bc6e
[INFO] 2025-02-05 14:24:52,239 common.Hooks afterScenario - *********************************Scenario ended*******************************
[INFO] 2025-02-05 14:24:56,479 common.Hooks closeBrowser - *********************************Execution ended*******************************
[DEBUG] 2025-02-05 14:24:56,523 freemarker.cache debug - Couldn't find template in cache for "spark/spark.spa.ftl"("en_US", UTF-8, parsed); will try to load it.
[DEBUG] 2025-02-05 14:24:56,529 freemarker.cache debug - TemplateLoader.findTemplateSource("spark/spark.spa_en_US.ftl"): Not found
[DEBUG] 2025-02-05 14:24:56,531 freemarker.cache debug - TemplateLoader.findTemplateSource("spark/spark.spa_en.ftl"): Not found
[DEBUG] 2025-02-05 14:24:56,532 freemarker.cache debug - TemplateLoader.findTemplateSource("spark/spark.spa.ftl"): Found
[DEBUG] 2025-02-05 14:24:56,533 freemarker.cache debug - Loading template for "spark/spark.spa.ftl"("en_US", UTF-8, parsed) from "jar:file:/C:/Users/Admin/.m2/repository/com/aventstack/extentreports/5.0.9/extentreports-5.0.9.jar!/com/aventstack/extentreports/templates/spark/spark.spa.ftl"
[DEBUG] 2025-02-05 14:24:56,617 freemarker.cache debug - Couldn't find template in cache for "commons/commons-variables.ftl"("en_US", UTF-8, parsed); will try to load it.
[DEBUG] 2025-02-05 14:24:56,618 freemarker.cache debug - TemplateLoader.findTemplateSource("commons/commons-variables_en_US.ftl"): Not found
[DEBUG] 2025-02-05 14:24:56,619 freemarker.cache debug - TemplateLoader.findTemplateSource("commons/commons-variables_en.ftl"): Not found
[DEBUG] 2025-02-05 14:24:56,619 freemarker.cache debug - TemplateLoader.findTemplateSource("commons/commons-variables.ftl"): Found
[DEBUG] 2025-02-05 14:24:56,620 freemarker.cache debug - Loading template for "commons/commons-variables.ftl"("en_US", UTF-8, parsed) from "jar:file:/C:/Users/Admin/.m2/repository/com/aventstack/extentreports/5.0.9/extentreports-5.0.9.jar!/com/aventstack/extentreports/templates/commons/commons-variables.ftl"
[DEBUG] 2025-02-05 14:24:56,788 freemarker.cache debug - Couldn't find template in cache for "commons/commons-macros.ftl"("en_US", UTF-8, parsed); will try to load it.
[DEBUG] 2025-02-05 14:24:56,789 freemarker.cache debug - TemplateLoader.findTemplateSource("commons/commons-macros_en_US.ftl"): Not found
[DEBUG] 2025-02-05 14:24:56,791 freemarker.cache debug - TemplateLoader.findTemplateSource("commons/commons-macros_en.ftl"): Not found
[DEBUG] 2025-02-05 14:24:56,791 freemarker.cache debug - TemplateLoader.findTemplateSource("commons/commons-macros.ftl"): Found
[DEBUG] 2025-02-05 14:24:56,792 freemarker.cache debug - Loading template for "commons/commons-macros.ftl"("en_US", UTF-8, parsed) from "jar:file:/C:/Users/Admin/.m2/repository/com/aventstack/extentreports/5.0.9/extentreports-5.0.9.jar!/com/aventstack/extentreports/templates/commons/commons-macros.ftl"
[DEBUG] 2025-02-05 14:24:56,800 freemarker.cache debug - Couldn't find template in cache for "spark/macros/attributes.ftl"("en_US", UTF-8, parsed); will try to load it.
[DEBUG] 2025-02-05 14:24:56,800 freemarker.cache debug - TemplateLoader.findTemplateSource("spark/macros/attributes_en_US.ftl"): Not found
[DEBUG] 2025-02-05 14:24:56,801 freemarker.cache debug - TemplateLoader.findTemplateSource("spark/macros/attributes_en.ftl"): Not found
[DEBUG] 2025-02-05 14:24:56,801 freemarker.cache debug - TemplateLoader.findTemplateSource("spark/macros/attributes.ftl"): Found
[DEBUG] 2025-02-05 14:24:56,802 freemarker.cache debug - Loading template for "spark/macros/attributes.ftl"("en_US", UTF-8, parsed) from "jar:file:/C:/Users/Admin/.m2/repository/com/aventstack/extentreports/5.0.9/extentreports-5.0.9.jar!/com/aventstack/extentreports/templates/spark/macros/attributes.ftl"
[DEBUG] 2025-02-05 14:24:56,804 freemarker.cache debug - Couldn't find template in cache for "spark/macros/log.ftl"("en_US", UTF-8, parsed); will try to load it.
[DEBUG] 2025-02-05 14:24:56,805 freemarker.cache debug - TemplateLoader.findTemplateSource("spark/macros/log_en_US.ftl"): Not found
[DEBUG] 2025-02-05 14:24:56,806 freemarker.cache debug - TemplateLoader.findTemplateSource("spark/macros/log_en.ftl"): Not found
[DEBUG] 2025-02-05 14:24:56,807 freemarker.cache debug - TemplateLoader.findTemplateSource("spark/macros/log.ftl"): Found
[DEBUG] 2025-02-05 14:24:56,807 freemarker.cache debug - Loading template for "spark/macros/log.ftl"("en_US", UTF-8, parsed) from "jar:file:/C:/Users/Admin/.m2/repository/com/aventstack/extentreports/5.0.9/extentreports-5.0.9.jar!/com/aventstack/extentreports/templates/spark/macros/log.ftl"
[DEBUG] 2025-02-05 14:24:56,809 freemarker.cache debug - Couldn't find template in cache for "spark/macros/recurse_nodes.ftl"("en_US", UTF-8, parsed); will try to load it.
[DEBUG] 2025-02-05 14:24:56,811 freemarker.cache debug - TemplateLoader.findTemplateSource("spark/macros/recurse_nodes_en_US.ftl"): Not found
[DEBUG] 2025-02-05 14:24:56,811 freemarker.cache debug - TemplateLoader.findTemplateSource("spark/macros/recurse_nodes_en.ftl"): Not found
[DEBUG] 2025-02-05 14:24:56,812 freemarker.cache debug - TemplateLoader.findTemplateSource("spark/macros/recurse_nodes.ftl"): Found
[DEBUG] 2025-02-05 14:24:56,812 freemarker.cache debug - Loading template for "spark/macros/recurse_nodes.ftl"("en_US", UTF-8, parsed) from "jar:file:/C:/Users/Admin/.m2/repository/com/aventstack/extentreports/5.0.9/extentreports-5.0.9.jar!/com/aventstack/extentreports/templates/spark/macros/recurse_nodes.ftl"
[DEBUG] 2025-02-05 14:24:56,819 freemarker.cache debug - "spark/macros/log.ftl"("en_US", UTF-8, parsed) cached copy not yet stale; using cached.
[DEBUG] 2025-02-05 14:24:56,819 freemarker.cache debug - Couldn't find template in cache for "spark/macros/attr-common.ftl"("en_US", UTF-8, parsed); will try to load it.
[DEBUG] 2025-02-05 14:24:56,820 freemarker.cache debug - TemplateLoader.findTemplateSource("spark/macros/attr-common_en_US.ftl"): Not found
[DEBUG] 2025-02-05 14:24:56,821 freemarker.cache debug - TemplateLoader.findTemplateSource("spark/macros/attr-common_en.ftl"): Not found
[DEBUG] 2025-02-05 14:24:56,821 freemarker.cache debug - TemplateLoader.findTemplateSource("spark/macros/attr-common.ftl"): Found
[DEBUG] 2025-02-05 14:24:56,821 freemarker.cache debug - Loading template for "spark/macros/attr-common.ftl"("en_US", UTF-8, parsed) from "jar:file:/C:/Users/Admin/.m2/repository/com/aventstack/extentreports/5.0.9/extentreports-5.0.9.jar!/com/aventstack/extentreports/templates/spark/macros/attr-common.ftl"
[DEBUG] 2025-02-05 14:24:56,831 freemarker.cache debug - Couldn't find template in cache for "spark/partials/head.ftl"("en_US", UTF-8, parsed); will try to load it.
[DEBUG] 2025-02-05 14:24:56,832 freemarker.cache debug - TemplateLoader.findTemplateSource("spark/partials/head_en_US.ftl"): Not found
[DEBUG] 2025-02-05 14:24:56,833 freemarker.cache debug - TemplateLoader.findTemplateSource("spark/partials/head_en.ftl"): Not found
[DEBUG] 2025-02-05 14:24:56,834 freemarker.cache debug - TemplateLoader.findTemplateSource("spark/partials/head.ftl"): Found
[DEBUG] 2025-02-05 14:24:56,834 freemarker.cache debug - Loading template for "spark/partials/head.ftl"("en_US", UTF-8, parsed) from "jar:file:/C:/Users/Admin/.m2/repository/com/aventstack/extentreports/5.0.9/extentreports-5.0.9.jar!/com/aventstack/extentreports/templates/spark/partials/head.ftl"
[DEBUG] 2025-02-05 14:24:56,839 freemarker.cache debug - Couldn't find template in cache for "commons/commons-inject-css.ftl"("en_US", UTF-8, parsed); will try to load it.
[DEBUG] 2025-02-05 14:24:56,840 freemarker.cache debug - TemplateLoader.findTemplateSource("commons/commons-inject-css_en_US.ftl"): Not found
[DEBUG] 2025-02-05 14:24:56,841 freemarker.cache debug - TemplateLoader.findTemplateSource("commons/commons-inject-css_en.ftl"): Not found
[DEBUG] 2025-02-05 14:24:56,841 freemarker.cache debug - TemplateLoader.findTemplateSource("commons/commons-inject-css.ftl"): Found
[DEBUG] 2025-02-05 14:24:56,842 freemarker.cache debug - Loading template for "commons/commons-inject-css.ftl"("en_US", UTF-8, parsed) from "jar:file:/C:/Users/Admin/.m2/repository/com/aventstack/extentreports/5.0.9/extentreports-5.0.9.jar!/com/aventstack/extentreports/templates/commons/commons-inject-css.ftl"
[DEBUG] 2025-02-05 14:24:56,843 freemarker.cache debug - Couldn't find template in cache for "spark/partials/navbar.ftl"("en_US", UTF-8, parsed); will try to load it.
[DEBUG] 2025-02-05 14:24:56,844 freemarker.cache debug - TemplateLoader.findTemplateSource("spark/partials/navbar_en_US.ftl"): Not found
[DEBUG] 2025-02-05 14:24:56,845 freemarker.cache debug - TemplateLoader.findTemplateSource("spark/partials/navbar_en.ftl"): Not found
[DEBUG] 2025-02-05 14:24:56,846 freemarker.cache debug - TemplateLoader.findTemplateSource("spark/partials/navbar.ftl"): Found
[DEBUG] 2025-02-05 14:24:56,846 freemarker.cache debug - Loading template for "spark/partials/navbar.ftl"("en_US", UTF-8, parsed) from "jar:file:/C:/Users/Admin/.m2/repository/com/aventstack/extentreports/5.0.9/extentreports-5.0.9.jar!/com/aventstack/extentreports/templates/spark/partials/navbar.ftl"
[DEBUG] 2025-02-05 14:24:56,854 freemarker.cache debug - Couldn't find template in cache for "spark/partials/sidenav.ftl"("en_US", UTF-8, parsed); will try to load it.
[DEBUG] 2025-02-05 14:24:56,855 freemarker.cache debug - TemplateLoader.findTemplateSource("spark/partials/sidenav_en_US.ftl"): Not found
[DEBUG] 2025-02-05 14:24:56,856 freemarker.cache debug - TemplateLoader.findTemplateSource("spark/partials/sidenav_en.ftl"): Not found
[DEBUG] 2025-02-05 14:24:56,857 freemarker.cache debug - TemplateLoader.findTemplateSource("spark/partials/sidenav.ftl"): Found
[DEBUG] 2025-02-05 14:24:56,857 freemarker.cache debug - Loading template for "spark/partials/sidenav.ftl"("en_US", UTF-8, parsed) from "jar:file:/C:/Users/Admin/.m2/repository/com/aventstack/extentreports/5.0.9/extentreports-5.0.9.jar!/com/aventstack/extentreports/templates/spark/partials/sidenav.ftl"
[DEBUG] 2025-02-05 14:24:56,874 freemarker.cache debug - Couldn't find template in cache for "spark/partials/test.ftl"("en_US", UTF-8, parsed); will try to load it.
[DEBUG] 2025-02-05 14:24:56,875 freemarker.cache debug - TemplateLoader.findTemplateSource("spark/partials/test_en_US.ftl"): Not found
[DEBUG] 2025-02-05 14:24:56,876 freemarker.cache debug - TemplateLoader.findTemplateSource("spark/partials/test_en.ftl"): Not found
[DEBUG] 2025-02-05 14:24:56,877 freemarker.cache debug - TemplateLoader.findTemplateSource("spark/partials/test.ftl"): Found
[DEBUG] 2025-02-05 14:24:56,877 freemarker.cache debug - Loading template for "spark/partials/test.ftl"("en_US", UTF-8, parsed) from "jar:file:/C:/Users/Admin/.m2/repository/com/aventstack/extentreports/5.0.9/extentreports-5.0.9.jar!/com/aventstack/extentreports/templates/spark/partials/test.ftl"
[DEBUG] 2025-02-05 14:24:56,899 freemarker.cache debug - Couldn't find template in cache for "spark/partials/bdd-content.ftl"("en_US", UTF-8, parsed); will try to load it.
[DEBUG] 2025-02-05 14:24:56,900 freemarker.cache debug - TemplateLoader.findTemplateSource("spark/partials/bdd-content_en_US.ftl"): Not found
[DEBUG] 2025-02-05 14:24:56,902 freemarker.cache debug - TemplateLoader.findTemplateSource("spark/partials/bdd-content_en.ftl"): Not found
[DEBUG] 2025-02-05 14:24:56,903 freemarker.cache debug - TemplateLoader.findTemplateSource("spark/partials/bdd-content.ftl"): Found
[DEBUG] 2025-02-05 14:24:56,903 freemarker.cache debug - Loading template for "spark/partials/bdd-content.ftl"("en_US", UTF-8, parsed) from "jar:file:/C:/Users/Admin/.m2/repository/com/aventstack/extentreports/5.0.9/extentreports-5.0.9.jar!/com/aventstack/extentreports/templates/spark/partials/bdd-content.ftl"
[DEBUG] 2025-02-05 14:24:56,944 freemarker.cache debug - Couldn't find template in cache for "spark/partials/exception.ftl"("en_US", UTF-8, parsed); will try to load it.
[DEBUG] 2025-02-05 14:24:56,945 freemarker.cache debug - TemplateLoader.findTemplateSource("spark/partials/exception_en_US.ftl"): Not found
[DEBUG] 2025-02-05 14:24:56,946 freemarker.cache debug - TemplateLoader.findTemplateSource("spark/partials/exception_en.ftl"): Not found
[DEBUG] 2025-02-05 14:24:56,947 freemarker.cache debug - TemplateLoader.findTemplateSource("spark/partials/exception.ftl"): Found
[DEBUG] 2025-02-05 14:24:56,947 freemarker.cache debug - Loading template for "spark/partials/exception.ftl"("en_US", UTF-8, parsed) from "jar:file:/C:/Users/Admin/.m2/repository/com/aventstack/extentreports/5.0.9/extentreports-5.0.9.jar!/com/aventstack/extentreports/templates/spark/partials/exception.ftl"
[DEBUG] 2025-02-05 14:24:56,950 freemarker.cache debug - Couldn't find template in cache for "spark/partials/category.ftl"("en_US", UTF-8, parsed); will try to load it.
[DEBUG] 2025-02-05 14:24:56,951 freemarker.cache debug - TemplateLoader.findTemplateSource("spark/partials/category_en_US.ftl"): Not found
[DEBUG] 2025-02-05 14:24:56,953 freemarker.cache debug - TemplateLoader.findTemplateSource("spark/partials/category_en.ftl"): Not found
[DEBUG] 2025-02-05 14:24:56,954 freemarker.cache debug - TemplateLoader.findTemplateSource("spark/partials/category.ftl"): Found
[DEBUG] 2025-02-05 14:24:56,954 freemarker.cache debug - Loading template for "spark/partials/category.ftl"("en_US", UTF-8, parsed) from "jar:file:/C:/Users/Admin/.m2/repository/com/aventstack/extentreports/5.0.9/extentreports-5.0.9.jar!/com/aventstack/extentreports/templates/spark/partials/category.ftl"
[DEBUG] 2025-02-05 14:24:56,964 freemarker.cache debug - Couldn't find template in cache for "spark/partials/device.ftl"("en_US", UTF-8, parsed); will try to load it.
[DEBUG] 2025-02-05 14:24:56,966 freemarker.cache debug - TemplateLoader.findTemplateSource("spark/partials/device_en_US.ftl"): Not found
[DEBUG] 2025-02-05 14:24:56,967 freemarker.cache debug - TemplateLoader.findTemplateSource("spark/partials/device_en.ftl"): Not found
[DEBUG] 2025-02-05 14:24:56,967 freemarker.cache debug - TemplateLoader.findTemplateSource("spark/partials/device.ftl"): Found
[DEBUG] 2025-02-05 14:24:56,968 freemarker.cache debug - Loading template for "spark/partials/device.ftl"("en_US", UTF-8, parsed) from "jar:file:/C:/Users/Admin/.m2/repository/com/aventstack/extentreports/5.0.9/extentreports-5.0.9.jar!/com/aventstack/extentreports/templates/spark/partials/device.ftl"
[DEBUG] 2025-02-05 14:24:56,969 freemarker.cache debug - Couldn't find template in cache for "spark/partials/author.ftl"("en_US", UTF-8, parsed); will try to load it.
[DEBUG] 2025-02-05 14:24:56,970 freemarker.cache debug - TemplateLoader.findTemplateSource("spark/partials/author_en_US.ftl"): Not found
[DEBUG] 2025-02-05 14:24:56,971 freemarker.cache debug - TemplateLoader.findTemplateSource("spark/partials/author_en.ftl"): Not found
[DEBUG] 2025-02-05 14:24:56,972 freemarker.cache debug - TemplateLoader.findTemplateSource("spark/partials/author.ftl"): Found
[DEBUG] 2025-02-05 14:24:56,973 freemarker.cache debug - Loading template for "spark/partials/author.ftl"("en_US", UTF-8, parsed) from "jar:file:/C:/Users/Admin/.m2/repository/com/aventstack/extentreports/5.0.9/extentreports-5.0.9.jar!/com/aventstack/extentreports/templates/spark/partials/author.ftl"
[DEBUG] 2025-02-05 14:24:56,974 freemarker.cache debug - Couldn't find template in cache for "spark/partials/log.ftl"("en_US", UTF-8, parsed); will try to load it.
[DEBUG] 2025-02-05 14:24:56,975 freemarker.cache debug - TemplateLoader.findTemplateSource("spark/partials/log_en_US.ftl"): Not found
[DEBUG] 2025-02-05 14:24:56,976 freemarker.cache debug - TemplateLoader.findTemplateSource("spark/partials/log_en.ftl"): Not found
[DEBUG] 2025-02-05 14:24:56,977 freemarker.cache debug - TemplateLoader.findTemplateSource("spark/partials/log.ftl"): Found
[DEBUG] 2025-02-05 14:24:56,978 freemarker.cache debug - Loading template for "spark/partials/log.ftl"("en_US", UTF-8, parsed) from "jar:file:/C:/Users/Admin/.m2/repository/com/aventstack/extentreports/5.0.9/extentreports-5.0.9.jar!/com/aventstack/extentreports/templates/spark/partials/log.ftl"
[DEBUG] 2025-02-05 14:24:56,979 freemarker.cache debug - Couldn't find template in cache for "spark/partials/dashboard.ftl"("en_US", UTF-8, parsed); will try to load it.
[DEBUG] 2025-02-05 14:24:56,980 freemarker.cache debug - TemplateLoader.findTemplateSource("spark/partials/dashboard_en_US.ftl"): Not found
[DEBUG] 2025-02-05 14:24:56,982 freemarker.cache debug - TemplateLoader.findTemplateSource("spark/partials/dashboard_en.ftl"): Not found
[DEBUG] 2025-02-05 14:24:56,982 freemarker.cache debug - TemplateLoader.findTemplateSource("spark/partials/dashboard.ftl"): Found
[DEBUG] 2025-02-05 14:24:56,983 freemarker.cache debug - Loading template for "spark/partials/dashboard.ftl"("en_US", UTF-8, parsed) from "jar:file:/C:/Users/Admin/.m2/repository/com/aventstack/extentreports/5.0.9/extentreports-5.0.9.jar!/com/aventstack/extentreports/templates/spark/partials/dashboard.ftl"
[DEBUG] 2025-02-05 14:24:57,042 freemarker.cache debug - Couldn't find template in cache for "spark/partials/scripts.ftl"("en_US", UTF-8, parsed); will try to load it.
[DEBUG] 2025-02-05 14:24:57,043 freemarker.cache debug - TemplateLoader.findTemplateSource("spark/partials/scripts_en_US.ftl"): Not found
[DEBUG] 2025-02-05 14:24:57,044 freemarker.cache debug - TemplateLoader.findTemplateSource("spark/partials/scripts_en.ftl"): Not found
[DEBUG] 2025-02-05 14:24:57,045 freemarker.cache debug - TemplateLoader.findTemplateSource("spark/partials/scripts.ftl"): Found
[DEBUG] 2025-02-05 14:24:57,046 freemarker.cache debug - Loading template for "spark/partials/scripts.ftl"("en_US", UTF-8, parsed) from "jar:file:/C:/Users/Admin/.m2/repository/com/aventstack/extentreports/5.0.9/extentreports-5.0.9.jar!/com/aventstack/extentreports/templates/spark/partials/scripts.ftl"
[DEBUG] 2025-02-05 14:24:57,048 freemarker.cache debug - Couldn't find template in cache for "commons/commons-inject-js.ftl"("en_US", UTF-8, parsed); will try to load it.
[DEBUG] 2025-02-05 14:24:57,049 freemarker.cache debug - TemplateLoader.findTemplateSource("commons/commons-inject-js_en_US.ftl"): Not found
[DEBUG] 2025-02-05 14:24:57,050 freemarker.cache debug - TemplateLoader.findTemplateSource("commons/commons-inject-js_en.ftl"): Not found
[DEBUG] 2025-02-05 14:24:57,051 freemarker.cache debug - TemplateLoader.findTemplateSource("commons/commons-inject-js.ftl"): Found
[DEBUG] 2025-02-05 14:24:57,051 freemarker.cache debug - Loading template for "commons/commons-inject-js.ftl"("en_US", UTF-8, parsed) from "jar:file:/C:/Users/Admin/.m2/repository/com/aventstack/extentreports/5.0.9/extentreports-5.0.9.jar!/com/aventstack/extentreports/templates/commons/commons-inject-js.ftl"
